hosepchoice_new/build/app/outputs/mapping/release/seeds.txt
io.flutter.embedding.engine.renderer.FlutterRenderer$ImageReaderSurfaceProducer: boolean access$300(io.flutter.embedding.engine.renderer.FlutterRenderer$ImageReaderSurfaceProducer)
io.flutter.embedding.engine.renderer.SurfaceTextureWrapper: void release()
androidx.fragment.app.FragmentContainerView: void setDrawDisappearingViewsLast(boolean)
androidx.core.view.ViewCompat$Api28Impl: void addOnUnhandledKeyEventListener(android.view.View,androidx.core.view.ViewCompat$OnUnhandledKeyEventListenerCompat)
io.flutter.embedding.engine.FlutterJNI: boolean nativeFlutterTextUtilsIsVariationSelector(int)
io.flutter.embedding.engine.renderer.FlutterRenderer$ImageReaderSurfaceProducer: int getHeight()
io.flutter.embedding.engine.renderer.FlutterRenderer$ImageTextureRegistryEntry: void maybeWaitOnFence(android.media.Image)
androidx.core.view.WindowInsetsCompat$Impl29: WindowInsetsCompat$Impl29(androidx.core.view.WindowInsetsCompat,android.view.WindowInsets)
androidx.core.view.ViewCompat$Api28Impl: java.lang.CharSequence getAccessibilityPaneTitle(android.view.View)
io.flutter.embedding.engine.FlutterJNI: void cleanupMessageData(long)
androidx.core.app.RemoteInput$Api26Impl: java.util.Set getAllowedDataTypes(java.lang.Object)
androidx.lifecycle.ReportFragment$LifecycleCallbacks: ReportFragment$LifecycleCallbacks()
io.flutter.embedding.engine.FlutterJNI: void nativeOnVsync(long,long,long)
io.flutter.embedding.engine.FlutterJNI: boolean isAttached()
com.google.firebase.provider.FirebaseInitProvider: FirebaseInitProvider()
androidx.media3.exoplayer.audio.MediaCodecAudioRenderer$Api23: void setAudioSinkPreferredDevice(androidx.media3.exoplayer.audio.AudioSink,java.lang.Object)
io.flutter.plugin.editing.ImeSyncDeferringInsetsCallback: android.view.WindowInsetsAnimation$Callback getAnimationCallback()
android.support.v4.media.RatingCompat$Api19Impl: float getStarRating(android.media.Rating)
androidx.media3.exoplayer.audio.DefaultAudioSink$StreamEventCallbackV29: void register(android.media.AudioTrack)
androidx.media3.exoplayer.drm.DrmUtil$Api21: int mediaDrmStateExceptionToErrorCode(java.lang.Throwable)
androidx.media3.exoplayer.ExoPlayerImpl$Api31: androidx.media3.exoplayer.analytics.PlayerId registerMediaMetricsListener(android.content.Context,androidx.media3.exoplayer.ExoPlayerImpl,boolean,java.lang.String)
io.flutter.embedding.engine.renderer.SurfaceTextureWrapper: boolean shouldUpdate()
androidx.core.view.WindowInsetsCompat$BuilderImpl: void setSystemGestureInsets(androidx.core.graphics.Insets)
com.google.android.gms.common.GooglePlayServicesMissingManifestValueException: GooglePlayServicesMissingManifestValueException()
androidx.core.view.ViewCompat$Api28Impl: void removeOnUnhandledKeyEventListener(android.view.View,androidx.core.view.ViewCompat$OnUnhandledKeyEventListenerCompat)
androidx.lifecycle.ReportFragment$LifecycleCallbacks: void onActivityDestroyed(android.app.Activity)
android.support.v4.media.RatingCompat$Api19Impl: boolean isThumbUp(android.media.Rating)
androidx.core.graphics.drawable.IconCompatParcelizer: IconCompatParcelizer()
io.flutter.embedding.engine.systemchannels.PlatformChannel$HapticFeedbackType: io.flutter.embedding.engine.systemchannels.PlatformChannel$HapticFeedbackType[] values()
com.google.firebase.database.core.Repo$TransactionStatus: com.google.firebase.database.core.Repo$TransactionStatus valueOf(java.lang.String)
io.flutter.embedding.engine.renderer.FlutterRenderer$ImageReaderSurfaceProducer: android.media.Image acquireLatestImage()
com.google.common.base.Function: boolean equals(java.lang.Object)
androidx.core.app.NotificationCompatBuilder$Api21Impl: android.app.Notification$Builder addPerson(android.app.Notification$Builder,java.lang.String)
io.flutter.embedding.engine.mutatorsstack.FlutterMutatorsStack$FlutterMutatorType: io.flutter.embedding.engine.mutatorsstack.FlutterMutatorsStack$FlutterMutatorType[] values()