hosepchoice_new/build/app/outputs/mapping/release/usage.txt
com.ta.hosepchoice.MainActivity
com.ta.hosepchoice.R$color
com.ta.hosepchoice.R$drawable
com.ta.hosepchoice.R$mipmap
com.ta.hosepchoice.R$string
com.ta.hosepchoice.R$style
com.ta.hosepchoice.R
...
com.google.android.gms.common.api.internal.zaah
com.google.android.gms.common.api.internal.zaai
com.google.android.gms.common.api.internal.zaaj
com.google.android.gms.common.api.internal.zaak
com.google.android.gms.common.api.internal.zaal
com.google.android.gms.common.api.internal.zaam
com.google.android.gms.common.api.internal.zaan
com.google.android.gms.common.api.internal.zaao
com.google.android.gms.common.api.internal.zaap
com.google.android.gms.common.api.internal.zaaq
com.google.android.gms.common.api.internal.zaar
com.google.android.gms.common.api.internal.zaas
com.google.android.gms.common.api.internal.zaat
com.google.android.gms.common.api.internal.zaau
com.google.android.gms.common.api.internal.zaav
com.google.android.gms.common.api.internal.zaaw
com.google.android.gms.common.api.internal.zaax
com.google.android.gms.common.api.internal.zaay
com.google.android.gms.common.api.internal.zaaz
com.google.android.gms.common.api.internal.zab
com.google.android.gms.common.api.internal.zaba
com.google.android.gms.common.api.internal.zabb
com.google.android.gms.common.api.internal.zabc
com.google.android.gms.common.api.internal.zabd
com.google.android.gms.common.api.internal.zabe
com.google.android.gms.common.api.internal.zabf
com.google.android.gms.common.api.internal.zabg
com.google.android.gms.common.api.internal.zabh
com.google.android.gms.common.api.internal.zabi
com.google.android.gms.common.api.internal.zabj
com.google.android.gms.common.api.internal.zabq:
    public final void zaa(com.google.android.gms.common.ConnectionResult,com.google.android.gms.common.api.Api,boolean)
com.google.android.gms.common.api.internal.zabv:
    public final com.google.android.gms.common.api.internal.BaseImplementation$ApiMethodImpl enqueue(com.google.android.gms.common.api.internal.BaseImplementation$ApiMethodImpl)
    public final com.google.android.gms.common.api.internal.BaseImplementation$ApiMethodImpl execute(com.google.android.gms.common.api.internal.BaseImplementation$ApiMethodImpl)
    public final android.content.Context getContext()
    public final android.os.Looper getLooper()
    public final void zao(com.google.android.gms.common.api.internal.zada)
    public final void zap(com.google.android.gms.common.api.internal.zada)
com.google.android.gms.common.api.internal.zaby
com.google.android.gms.common.api.internal.zabz
com.google.android.gms.common.api.internal.zaca
com.google.android.gms.common.api.internal.zacb
com.google.android.gms.common.api.internal.zacc
com.google.android.gms.common.api.internal.zacf
com.google.android.gms.common.api.internal.zacg
com.google.android.gms.common.api.internal.zaci:
    public void <init>(com.google.android.gms.common.api.internal.RegisterListenerMethod,com.google.android.gms.common.api.internal.UnregisterListenerMethod,java.lang.Runnable)
com.google.android.gms.common.api.internal.zacj
com.google.android.gms.common.api.internal.zack
com.google.android.gms.common.api.internal.zacl
com.google.android.gms.common.api.internal.zacm
com.google.android.gms.common.api.internal.zacn
com.google.android.gms.common.api.internal.zaco
com.google.android.gms.common.api.internal.zacp
com.google.android.gms.common.api.internal.zacu
com.google.android.gms.common.api.internal.zacx
com.google.android.gms.common.api.internal.zacy
com.google.android.gms.common.api.internal.zacz
com.google.android.gms.common.api.internal.zad:
    public void zag(com.google.android.gms.common.api.internal.zaad,boolean)
com.google.android.gms.common.api.internal.zada
com.google.android.gms.common.api.internal.zadb
com.google.android.gms.common.api.internal.zadc
com.google.android.gms.common.api.internal.zae
com.google.android.gms.common.api.internal.zaf
com.google.android.gms.common.api.internal.zaj
com.google.android.gms.common.api.internal.zak